Determining if the pthread_create exist failed with the following output:
Change Dir: /home/dipam/ROS-Projects/Parrot AR Drone/ardrone_ws/build/CMakeFiles/CMakeTmp

Run Build Command:"/usr/bin/make" "cmTC_7628e/fast"
/usr/bin/make -f CMakeFiles/cmTC_7628e.dir/build.make CMakeFiles/cmTC_7628e.dir/build
make[1]: Entering directory '/home/dipam/ROS-Projects/Parrot AR Drone/ardrone_ws/build/CMakeFiles/CMakeTmp'
Building C object CMakeFiles/cmTC_7628e.dir/CheckSymbolExists.c.o
/usr/bin/gcc     -o CMakeFiles/cmTC_7628e.dir/CheckSymbolExists.c.o   -c "/home/dipam/ROS-Projects/Parrot AR Drone/ardrone_ws/build/CMakeFiles/CMakeTmp/CheckSymbolExists.c"
Linking C executable cmTC_7628e
/usr/bin/cmake -E cmake_link_script CMakeFiles/cmTC_7628e.dir/link.txt --verbose=1
/usr/bin/gcc       CMakeFiles/cmTC_7628e.dir/CheckSymbolExists.c.o  -o cmTC_7628e -rdynamic 
CMakeFiles/cmTC_7628e.dir/CheckSymbolExists.c.o: In function `main':
CheckSymbolExists.c:(.text+0x16): undefined reference to `pthread_create'
collect2: error: ld returned 1 exit status
CMakeFiles/cmTC_7628e.dir/build.make:97: recipe for target 'cmTC_7628e' failed
make[1]: *** [cmTC_7628e] Error 1
make[1]: Leaving directory '/home/dipam/ROS-Projects/Parrot AR Drone/ardrone_ws/build/CMakeFiles/CMakeTmp'
Makefile:126: recipe for target 'cmTC_7628e/fast' failed
make: *** [cmTC_7628e/fast] Error 2

File /home/dipam/ROS-Projects/Parrot AR Drone/ardrone_ws/build/CMakeFiles/CMakeTmp/CheckSymbolExists.c:
/* */
#include <pthread.h>

int main(int argc, char** argv)
{
  (void)argv;
#ifndef pthread_create
  return ((int*)(&pthread_create))[argc];
#else
  (void)argc;
  return 0;
#endif
}

Determining if the function pthread_create exists in the pthreads failed with the following output:
Change Dir: /home/dipam/ROS-Projects/Parrot AR Drone/ardrone_ws/build/CMakeFiles/CMakeTmp

Run Build Command:"/usr/bin/make" "cmTC_8918c/fast"
/usr/bin/make -f CMakeFiles/cmTC_8918c.dir/build.make CMakeFiles/cmTC_8918c.dir/build
make[1]: Entering directory '/home/dipam/ROS-Projects/Parrot AR Drone/ardrone_ws/build/CMakeFiles/CMakeTmp'
Building C object CMakeFiles/cmTC_8918c.dir/CheckFunctionExists.c.o
/usr/bin/gcc    -DCHECK_FUNCTION_EXISTS=pthread_create   -o CMakeFiles/cmTC_8918c.dir/CheckFunctionExists.c.o   -c /usr/share/cmake-3.5/Modules/CheckFunctionExists.c
Linking C executable cmTC_8918c
/usr/bin/cmake -E cmake_link_script CMakeFiles/cmTC_8918c.dir/link.txt --verbose=1
/usr/bin/gcc   -DCHECK_FUNCTION_EXISTS=pthread_create    CMakeFiles/cmTC_8918c.dir/CheckFunctionExists.c.o  -o cmTC_8918c -rdynamic -lpthreads 
/usr/bin/ld: cannot find -lpthreads
collect2: error: ld returned 1 exit status
CMakeFiles/cmTC_8918c.dir/build.make:97: recipe for target 'cmTC_8918c' failed
make[1]: *** [cmTC_8918c] Error 1
make[1]: Leaving directory '/home/dipam/ROS-Projects/Parrot AR Drone/ardrone_ws/build/CMakeFiles/CMakeTmp'
Makefile:126: recipe for target 'cmTC_8918c/fast' failed
make: *** [cmTC_8918c/fast] Error 2


